<?xml version="1.0" encoding="UTF-8"?>
<testsuite xmlns:xsi="http://www.w3.org/2001/XMLSchema-instance" xsi:noNamespaceSchemaLocation="https://maven.apache.org/surefire/maven-surefire-plugin/xsd/surefire-test-report.xsd" name="com.mycompany.login999.Login999test" time="0.094" tests="12" errors="0" skipped="0" failures="0">
  <properties>
[...]
</properties>
  <testcase name="testTaskDescriptionLength" classname="com.mycompany.login999.Login999test" time="0.022"/>
  <testcase name="testDisplayDeveloperAndDurationForTaskWithLongestDuration" classname="com.mycompany.login999.Login999test" time="0.016"/>
  <testcase name="testSearchAllTasksAssignedToDeveloper" classname="com.mycompany.login999.Login999test" time="0.011"/>
  <testcase name="testLogin" classname="com.mycompany.login999.Login999test" time="0"/>
  <testcase name="testCheckUserName" classname="com.mycompany.login999.Login999test" time="0"/>
  <testcase name="testTotalTaskDuration" classname="com.mycompany.login999.Login999test" time="0"/>
  <testcase name="testDeleteTaskFromArray" classname="com.mycompany.login999.Login999test" time="0"/>
  <testcase name="testDisplayReport" classname="com.mycompany.login999.Login999test" time="0"/>
  <testcase name="testDeveloperArrayCorrectlyPopulated" classname="com.mycompany.login999.Login999test" time="0"/>
  <testcase name="testCheckPassword" classname="com.mycompany.login999.Login999test" time="0"/>
  <testcase name="testSearchForTasks" classname="com.mycompany.login999.Login999test" time="0.016"/>
  <testcase name="testTaskID" classname="com.mycompany.login999.Login999test" time="0"/>
</testsuite>